<?xml version="1.0" encoding="UTF-8"?>
<testng-results ignored="0" total="2" passed="2" failed="0" skipped="0">
  <reporter-output>
  </reporter-output>
  <suite started-at="2024-11-13T14:43:09 IST" name="Suite" finished-at="2024-11-13T14:43:19 IST" duration-ms="9985">
    <groups>
    </groups>
    <test started-at="2024-11-13T14:43:09 IST" name="ChromeTest" finished-at="2024-11-13T14:43:13 IST" duration-ms="3896">
      <class name="com.testng.Cross_Browser_Test">
        <test-method is-config="true" signature="browserLaun(java.lang.String)[pri:0, instance:com.testng.Cross_Browser_Test@4c163e3]" started-at="2024-11-13T14:43:09 IST" name="browserLaun" finished-at="2024-11-13T14:43:11 IST" duration-ms="2207" status="PASS">
          <params>
            <param index="0">
              <value>
                <![CDATA[chrome]]>
              </value>
            </param>
          </params>
          <reporter-output>
          </reporter-output>
        </test-method> <!-- browserLaun -->
        <test-method signature="loginIntoFacebook()[pri:0, instance:com.testng.Cross_Browser_Test@4c163e3]" started-at="2024-11-13T14:43:11 IST" name="loginIntoFacebook" finished-at="2024-11-13T14:43:13 IST" duration-ms="1629" status="PASS">
          <reporter-output>
          </reporter-output>
        </test-method> <!-- loginIntoFacebook -->
      </class> <!-- com.testng.Cross_Browser_Test -->
    </test> <!-- ChromeTest -->
    <test started-at="2024-11-13T14:43:13 IST" name="EdgeTest" finished-at="2024-11-13T14:43:19 IST" duration-ms="6027">
      <class name="com.testng.Cross_Browser_Test">
        <test-method is-config="true" signature="browserLaun(java.lang.String)[pri:0, instance:com.testng.Cross_Browser_Test@2dfaea86]" started-at="2024-11-13T14:43:13 IST" name="browserLaun" finished-at="2024-11-13T14:43:17 IST" duration-ms="3571" status="PASS">
          <params>
            <param index="0">
              <value>
                <![CDATA[edge]]>
              </value>
            </param>
          </params>
          <reporter-output>
          </reporter-output>
        </test-method> <!-- browserLaun -->
        <test-method signature="loginIntoFacebook()[pri:0, instance:com.testng.Cross_Browser_Test@2dfaea86]" started-at="2024-11-13T14:43:17 IST" name="loginIntoFacebook" finished-at="2024-11-13T14:43:19 IST" duration-ms="2452" status="PASS">
          <reporter-output>
          </reporter-output>
        </test-method> <!-- loginIntoFacebook -->
      </class> <!-- com.testng.Cross_Browser_Test -->
    </test> <!-- EdgeTest -->
  </suite> <!-- Suite -->
</testng-results>
