<?xml version="1.0" encoding="UTF-8"?>
<!-- Generated by org.testng.reporters.JUnitXMLReporter -->
<testsuite ignored="1" hostname="Dineshkumar" failures="0" tests="2" name="Test" time="0.094" errors="0" timestamp="2024-11-13T14:22:16 IST">
  <testcase classname="com.testng.Groping_Test" name="mobileId" time="0.008"/>
  <testcase classname="com.testng.Groping_Test" name="mobileNmae" time="0.002"/>
  <testcase classname="com.testng.Groping_Test" name="mobileColor" time="0.0">
    <ignored/>
  </testcase> <!-- mobileColor -->
</testsuite> <!-- Test -->
