<?xml version="1.0" encoding="UTF-8"?>
<!-- Generated by org.testng.reporters.JUnitXMLReporter -->
<testsuite ignored="0" hostname="Dineshkumar" failures="0" tests="3" name="Default test" time="3.159" errors="0" timestamp="2024-11-13T14:16:13 IST">
  <testcase classname="com.testng.Parallel_Test" name="mobileColor" time="0.517"/>
  <testcase classname="com.testng.Parallel_Test" name="mobileId" time="1.508"/>
  <testcase classname="com.testng.Parallel_Test" name="mobileNmae" time="1.014"/>
</testsuite> <!-- Default test -->
